<?xml version="1.0" encoding="UTF-8"?>
<!-- Generated by org.testng.reporters.JUnitReportReporter -->
<testsuite hostname="SAHILADEVI" failures="1" tests="6" name="selenium_testng.AssertMethodInTestNG" time="0.015" errors="0" timestamp="2024-06-20T17:31:37 EDT" skipped="0">
  <testcase classname="selenium_testng.AssertMethodInTestNG" name="assertNullConcept" time="0.002"/>
  <system-out/>
  <testcase classname="selenium_testng.AssertMethodInTestNG" name="assertEqualsConcept" time="0.007">
    <failure message="expected [SreeRam] but found [Ram]" type="java.lang.AssertionError">
      <![CDATA[java.lang.AssertionError: expected [SreeRam] but found [Ram]
at org.testng.Assert.fail(Assert.java:99)
at org.testng.Assert.failNotEquals(Assert.java:1037)
at org.testng.Assert.assertEqualsImpl(Assert.java:140)
at org.testng.Assert.assertEquals(Assert.java:122)
at org.testng.Assert.assertEquals(Assert.java:629)
at org.testng.Assert.assertEquals(Assert.java:639)
at selenium_testng.AssertMethodInTestNG.assertEqualsConcept(AssertMethodInTestNG.java:17)
at java.base/jdk.internal.reflect.NativeMethodAccessorImpl.invoke0(Native Method)
at java.base/jdk.internal.reflect.NativeMethodAccessorImpl.invoke(NativeMethodAccessorImpl.java:77)
at java.base/jdk.internal.reflect.DelegatingMethodAccessorImpl.invoke(DelegatingMethodAccessorImpl.java:43)
at java.base/java.lang.reflect.Method.invoke(Method.java:568)
at org.testng.internal.MethodInvocationHelper.invokeMethod(MethodInvocationHelper.java:133)
at org.testng.internal.TestInvoker.invokeMethod(TestInvoker.java:598)
at org.testng.internal.TestInvoker.invokeTestMethod(TestInvoker.java:173)
at org.testng.internal.MethodRunner.runInSequence(MethodRunner.java:46)
at org.testng.internal.TestInvoker$MethodInvocationAgent.invoke(TestInvoker.java:824)
at org.testng.internal.TestInvoker.invokeTestMethods(TestInvoker.java:146)
at org.testng.internal.TestMethodWorker.invokeTestMethods(TestMethodWorker.java:146)
at org.testng.internal.TestMethodWorker.run(TestMethodWorker.java:128)
at java.base/java.util.ArrayList.forEach(ArrayList.java:1511)
at org.testng.TestRunner.privateRun(TestRunner.java:794)
at org.testng.TestRunner.run(TestRunner.java:596)
at org.testng.SuiteRunner.runTest(SuiteRunner.java:377)
at org.testng.SuiteRunner.runSequentially(SuiteRunner.java:371)
at org.testng.SuiteRunner.privateRun(SuiteRunner.java:332)
at org.testng.SuiteRunner.run(SuiteRunner.java:276)
at org.testng.SuiteRunnerWorker.runSuite(SuiteRunnerWorker.java:53)
at org.testng.SuiteRunnerWorker.run(SuiteRunnerWorker.java:96)
at org.testng.TestNG.runSuitesSequentially(TestNG.java:1212)
at org.testng.TestNG.runSuitesLocally(TestNG.java:1134)
at org.testng.TestNG.runSuites(TestNG.java:1063)
at org.testng.TestNG.run(TestNG.java:1031)
at org.testng.remote.AbstractRemoteTestNG.run(AbstractRemoteTestNG.java:115)
at org.testng.remote.RemoteTestNG.initAndRun(RemoteTestNG.java:293)
at org.testng.remote.RemoteTestNG.main(RemoteTestNG.java:91)
]]>
    </failure>
  </testcase> <!-- assertEqualsConcept -->
  <system-out/>
  <testcase classname="selenium_testng.AssertMethodInTestNG" name="assertNotEqualsConcept" time="0.004"/>
  <system-out/>
  <testcase classname="selenium_testng.AssertMethodInTestNG" name="assertNotNullConcept" time="0.001"/>
  <system-out/>
  <testcase classname="selenium_testng.AssertMethodInTestNG" name="assertTrueConcept" time="0.000"/>
  <system-out/>
  <testcase classname="selenium_testng.AssertMethodInTestNG" name="assertFalseConcept" time="0.001"/>
  <system-out/>
</testsuite> <!-- selenium_testng.AssertMethodInTestNG -->
